<?xml version="1.0" encoding="UTF-8"?>
<coverage generated="1512356245">
  <project timestamp="1512356245">
    <package name="Charcoal\Admin\Widget\Cms">
      <file name="/mnt/c/Users/Mathieu/Web/memo-boilerplate/vendor/locomotivemtl/charcoal-cms/src/Charcoal/Admin/Widget/Cms/HierarchicalSectionTableWidget.php">
        <class name="HierarchicalSectionTableWidget" namespace="Charcoal\Admin\Widget\Cms">
          <metrics complexity="5" methods="4" coveredmethods="0" conditionals="0" coveredconditionals="0" statements="23" coveredstatements="0" elements="27" coveredelements="0"/>
        </class>
        <line num="25" type="method" name="template" visibility="public" complexity="1" crap="2" count="0"/>
        <line num="26" type="stmt" count="0"/>
        <line num="27" type="stmt" count="0"/>
        <line num="28" type="stmt" count="0"/>
        <line num="35" type="method" name="sortObjects" visibility="public" complexity="1" crap="2" count="0"/>
        <line num="36" type="stmt" count="0"/>
        <line num="37" type="stmt" count="0"/>
        <line num="38" type="stmt" count="0"/>
        <line num="39" type="stmt" count="0"/>
        <line num="40" type="stmt" count="0"/>
        <line num="41" type="stmt" count="0"/>
        <line num="43" type="stmt" count="0"/>
        <line num="44" type="stmt" count="0"/>
        <line num="52" type="method" name="setDependencies" visibility="protected" complexity="1" crap="2" count="0"/>
        <line num="53" type="stmt" count="0"/>
        <line num="54" type="stmt" count="0"/>
        <line num="56" type="stmt" count="0"/>
        <line num="57" type="stmt" count="0"/>
        <line num="68" type="method" name="setupDisplayPropertyValue" visibility="protected" complexity="2" crap="6" count="0"/>
        <line num="69" type="stmt" count="0"/>
        <line num="70" type="stmt" count="0"/>
        <line num="71" type="stmt" count="0"/>
        <line num="72" type="stmt" count="0"/>
        <line num="74" type="stmt" count="0"/>
        <line num="75" type="stmt" count="0"/>
        <line num="76" type="stmt" count="0"/>
        <line num="77" type="stmt" count="0"/>
        <metrics loc="78" ncloc="49" classes="1" methods="4" coveredmethods="0" conditionals="0" coveredconditionals="0" statements="23" coveredstatements="0" elements="27" coveredelements="0"/>
      </file>
      <file name="/mnt/c/Users/Mathieu/Web/memo-boilerplate/vendor/locomotivemtl/charcoal-cms/src/Charcoal/Admin/Widget/Cms/SectionTableTrait.php">
        <class name="SectionTableTrait" namespace="Charcoal\Admin\Widget\Cms">
          <metrics complexity="24" methods="5" coveredmethods="0" conditionals="0" coveredconditionals="0" statements="107" coveredstatements="0" elements="112" coveredelements="0"/>
        </class>
        <line num="38" type="method" name="setSectionFactory" visibility="protected" complexity="1" crap="2" count="0"/>
        <line num="39" type="stmt" count="0"/>
        <line num="40" type="stmt" count="0"/>
        <line num="42" type="stmt" count="0"/>
        <line num="43" type="stmt" count="0"/>
        <line num="51" type="method" name="sectionFactory" visibility="public" complexity="2" crap="6" count="0"/>
        <line num="52" type="stmt" count="0"/>
        <line num="53" type="stmt" count="0"/>
        <line num="54" type="stmt" count="0"/>
        <line num="55" type="stmt" count="0"/>
        <line num="56" type="stmt" count="0"/>
        <line num="57" type="stmt" count="0"/>
        <line num="59" type="stmt" count="0"/>
        <line num="60" type="stmt" count="0"/>
        <line num="72" type="method" name="parsePropertyCell" visibility="protected" complexity="12" crap="156" count="0"/>
        <line num="73" type="stmt" count="0"/>
        <line num="74" type="stmt" count="0"/>
        <line num="75" type="stmt" count="0"/>
        <line num="76" type="stmt" count="0"/>
        <line num="77" type="stmt" count="0"/>
        <line num="79" type="stmt" count="0"/>
        <line num="80" type="stmt" count="0"/>
        <line num="81" type="stmt" count="0"/>
        <line num="82" type="stmt" count="0"/>
        <line num="83" type="stmt" count="0"/>
        <line num="84" type="stmt" count="0"/>
        <line num="85" type="stmt" count="0"/>
        <line num="86" type="stmt" count="0"/>
        <line num="87" type="stmt" count="0"/>
        <line num="88" type="stmt" count="0"/>
        <line num="89" type="stmt" count="0"/>
        <line num="90" type="stmt" count="0"/>
        <line num="92" type="stmt" count="0"/>
        <line num="93" type="stmt" count="0"/>
        <line num="94" type="stmt" count="0"/>
        <line num="95" type="stmt" count="0"/>
        <line num="97" type="stmt" count="0"/>
        <line num="98" type="stmt" count="0"/>
        <line num="99" type="stmt" count="0"/>
        <line num="100" type="stmt" count="0"/>
        <line num="101" type="stmt" count="0"/>
        <line num="102" type="stmt" count="0"/>
        <line num="104" type="stmt" count="0"/>
        <line num="105" type="stmt" count="0"/>
        <line num="106" type="stmt" count="0"/>
        <line num="107" type="stmt" count="0"/>
        <line num="108" type="stmt" count="0"/>
        <line num="110" type="stmt" count="0"/>
        <line num="111" type="stmt" count="0"/>
        <line num="113" type="stmt" count="0"/>
        <line num="114" type="stmt" count="0"/>
        <line num="115" type="stmt" count="0"/>
        <line num="116" type="stmt" count="0"/>
        <line num="117" type="stmt" count="0"/>
        <line num="118" type="stmt" count="0"/>
        <line num="119" type="stmt" count="0"/>
        <line num="120" type="stmt" count="0"/>
        <line num="121" type="stmt" count="0"/>
        <line num="122" type="stmt" count="0"/>
        <line num="123" type="stmt" count="0"/>
        <line num="125" type="stmt" count="0"/>
        <line num="126" type="stmt" count="0"/>
        <line num="127" type="stmt" count="0"/>
        <line num="128" type="stmt" count="0"/>
        <line num="129" type="stmt" count="0"/>
        <line num="130" type="stmt" count="0"/>
        <line num="131" type="stmt" count="0"/>
        <line num="132" type="stmt" count="0"/>
        <line num="133" type="stmt" count="0"/>
        <line num="134" type="stmt" count="0"/>
        <line num="135" type="stmt" count="0"/>
        <line num="136" type="stmt" count="0"/>
        <line num="138" type="stmt" count="0"/>
        <line num="139" type="stmt" count="0"/>
        <line num="140" type="stmt" count="0"/>
        <line num="141" type="stmt" count="0"/>
        <line num="142" type="stmt" count="0"/>
        <line num="143" type="stmt" count="0"/>
        <line num="144" type="stmt" count="0"/>
        <line num="145" type="stmt" count="0"/>
        <line num="146" type="stmt" count="0"/>
        <line num="148" type="stmt" count="0"/>
        <line num="149" type="stmt" count="0"/>
        <line num="157" type="method" name="abridgeUri" visibility="private" complexity="5" crap="30" count="0"/>
        <line num="158" type="stmt" count="0"/>
        <line num="159" type="stmt" count="0"/>
        <line num="160" type="stmt" count="0"/>
        <line num="162" type="stmt" count="0"/>
        <line num="163" type="stmt" count="0"/>
        <line num="164" type="stmt" count="0"/>
        <line num="166" type="stmt" count="0"/>
        <line num="167" type="stmt" count="0"/>
        <line num="169" type="stmt" count="0"/>
        <line num="170" type="stmt" count="0"/>
        <line num="171" type="stmt" count="0"/>
        <line num="173" type="stmt" count="0"/>
        <line num="174" type="stmt" count="0"/>
        <line num="175" type="stmt" count="0"/>
        <line num="176" type="stmt" count="0"/>
        <line num="177" type="stmt" count="0"/>
        <line num="179" type="stmt" count="0"/>
        <line num="180" type="stmt" count="0"/>
        <line num="182" type="stmt" count="0"/>
        <line num="184" type="stmt" count="0"/>
        <line num="185" type="stmt" count="0"/>
        <line num="196" type="method" name="abridgeStr" visibility="private" complexity="4" crap="20" count="0"/>
        <line num="197" type="stmt" count="0"/>
        <line num="198" type="stmt" count="0"/>
        <line num="199" type="stmt" count="0"/>
        <line num="200" type="stmt" count="0"/>
        <line num="202" type="stmt" count="0"/>
        <line num="203" type="stmt" count="0"/>
        <metrics loc="204" ncloc="151" classes="1" methods="5" coveredmethods="0" conditionals="0" coveredconditionals="0" statements="107" coveredstatements="0" elements="112" coveredelements="0"/>
      </file>
      <file name="/mnt/c/Users/Mathieu/Web/memo-boilerplate/vendor/locomotivemtl/charcoal-cms/src/Charcoal/Admin/Widget/Cms/SectionTableWidget.php">
        <class name="SectionTableWidget" namespace="Charcoal\Admin\Widget\Cms">
          <metrics complexity="1" methods="1" coveredmethods="0" conditionals="0" coveredconditionals="0" statements="4" coveredstatements="0" elements="5" coveredelements="0"/>
        </class>
        <line num="23" type="method" name="setDependencies" visibility="protected" complexity="1" crap="2" count="0"/>
        <line num="24" type="stmt" count="0"/>
        <line num="25" type="stmt" count="0"/>
        <line num="27" type="stmt" count="0"/>
        <line num="28" type="stmt" count="0"/>
        <metrics loc="29" ncloc="18" classes="1" methods="1" coveredmethods="0" conditionals="0" coveredconditionals="0" statements="4" coveredstatements="0" elements="5" coveredelements="0"/>
      </file>
    </package>
    <package name="Charcoal\Cms">
      <file name="/mnt/c/Users/Mathieu/Web/memo-boilerplate/vendor/locomotivemtl/charcoal-cms/src/Charcoal/Cms/AbstractEvent.php">
        <class name="AbstractEvent" namespace="Charcoal\Cms">
          <metrics complexity="43" methods="27" coveredmethods="23" conditionals="0" coveredconditionals="0" statements="79" coveredstatements="68" elements="106" coveredelements="91"/>
        </class>
        <line num="101" type="method" name="__construct" visibility="public" complexity="2" crap="2" count="18"/>
        <line num="103" type="stmt" count="18"/>
        <line num="105" type="stmt" count="18"/>
        <line num="106" type="stmt" count="18"/>
        <line num="108" type="stmt" count="18"/>
        <line num="118" type="method" name="verifyDates" visibility="public" complexity="4" crap="4" count="5"/>
        <line num="120" type="stmt" count="5"/>
        <line num="121" type="stmt" count="5"/>
        <line num="124" type="stmt" count="5"/>
        <line num="125" type="stmt" count="5"/>
        <line num="128" type="stmt" count="5"/>
        <line num="129" type="stmt" count="5"/>
        <line num="131" type="stmt" count="5"/>
        <line num="136" type="method" name="adminDateFilter" visibility="public" complexity="2" crap="6" count="0"/>
        <line num="138" type="stmt" count="0"/>
        <line num="139" type="stmt" count="0"/>
        <line num="141" type="stmt" count="0"/>
        <line num="142" type="stmt" count="0"/>
        <line num="144" type="stmt" count="0"/>
        <line num="147" type="stmt" count="0"/>
        <line num="158" type="method" name="setTitle" visibility="public" complexity="1" crap="1" count="8"/>
        <line num="160" type="stmt" count="8"/>
        <line num="162" type="stmt" count="8"/>
        <line num="168" type="method" name="title" visibility="public" complexity="1" crap="1" count="10"/>
        <line num="170" type="stmt" count="10"/>
        <line num="177" type="method" name="setSubtitle" visibility="public" complexity="1" crap="1" count="2"/>
        <line num="179" type="stmt" count="2"/>
        <line num="181" type="stmt" count="2"/>
        <line num="187" type="method" name="subtitle" visibility="public" complexity="1" crap="1" count="8"/>
        <line num="189" type="stmt" count="8"/>
        <line num="196" type="method" name="setSummary" visibility="public" complexity="1" crap="1" count="1"/>
        <line num="198" type="stmt" count="1"/>
        <line num="200" type="stmt" count="1"/>
        <line num="206" type="method" name="summary" visibility="public" complexity="1" crap="1" count="7"/>
        <line num="208" type="stmt" count="7"/>
        <line num="215" type="method" name="setContent" visibility="public" complexity="1" crap="1" count="5"/>
        <line num="217" type="stmt" count="5"/>
        <line num="219" type="stmt" count="5"/>
        <line num="225" type="method" name="content" visibility="public" complexity="1" crap="1" count="10"/>
        <line num="227" type="stmt" count="10"/>
        <line num="234" type="method" name="setImage" visibility="public" complexity="1" crap="1" count="2"/>
        <line num="236" type="stmt" count="2"/>
        <line num="238" type="stmt" count="2"/>
        <line num="244" type="method" name="image" visibility="public" complexity="1" crap="1" count="8"/>
        <line num="246" type="stmt" count="8"/>
        <line num="254" type="method" name="setStartDate" visibility="public" complexity="5" crap="5" count="8"/>
        <line num="256" type="stmt" count="8"/>
        <line num="257" type="stmt" count="1"/>
        <line num="259" type="stmt" count="1"/>
        <line num="261" type="stmt" count="8"/>
        <line num="262" type="stmt" count="8"/>
        <line num="264" type="stmt" count="7"/>
        <line num="265" type="stmt" count="1"/>
        <line num="266" type="stmt" count="1"/>
        <line num="269" type="stmt" count="7"/>
        <line num="271" type="stmt" count="7"/>
        <line num="277" type="method" name="startDate" visibility="public" complexity="1" crap="1" count="8"/>
        <line num="279" type="stmt" count="8"/>
        <line num="287" type="method" name="setEndDate" visibility="public" complexity="5" crap="5" count="8"/>
        <line num="289" type="stmt" count="8"/>
        <line num="290" type="stmt" count="1"/>
        <line num="292" type="stmt" count="1"/>
        <line num="294" type="stmt" count="8"/>
        <line num="295" type="stmt" count="4"/>
        <line num="297" type="stmt" count="7"/>
        <line num="298" type="stmt" count="1"/>
        <line num="299" type="stmt" count="1"/>
        <line num="302" type="stmt" count="7"/>
        <line num="304" type="stmt" count="7"/>
        <line num="310" type="method" name="endDate" visibility="public" complexity="1" crap="1" count="7"/>
        <line num="312" type="stmt" count="7"/>
        <line num="325" type="method" name="canonicalUrl" visibility="public" complexity="1" crap="2" count="0"/>
        <line num="327" type="stmt" count="0"/>
        <line num="333" type="method" name="defaultMetaTitle" visibility="public" complexity="1" crap="1" count="7"/>
        <line num="335" type="stmt" count="7"/>
        <line num="341" type="method" name="defaultMetaDescription" visibility="public" complexity="3" crap="3" count="7"/>
        <line num="343" type="stmt" count="7"/>
        <line num="344" type="stmt" count="7"/>
        <line num="345" type="stmt" count="3"/>
        <line num="346" type="stmt" count="3"/>
        <line num="347" type="stmt" count="3"/>
        <line num="350" type="stmt" count="3"/>
        <line num="353" type="stmt" count="4"/>
        <line num="359" type="method" name="defaultMetaImage" visibility="public" complexity="1" crap="1" count="7"/>
        <line num="361" type="stmt" count="7"/>
        <line num="369" type="method" name="keywords" visibility="public" complexity="1" crap="1" count="6"/>
        <line num="371" type="stmt" count="6"/>
        <line num="383" type="method" name="preSave" visibility="public" complexity="1" crap="1" count="3"/>
        <line num="385" type="stmt" count="3"/>
        <line num="386" type="stmt" count="3"/>
        <line num="387" type="stmt" count="3"/>
        <line num="389" type="stmt" count="3"/>
        <line num="398" type="method" name="preUpdate" visibility="public" complexity="1" crap="1" count="2"/>
        <line num="400" type="stmt" count="2"/>
        <line num="401" type="stmt" count="2"/>
        <line num="402" type="stmt" count="2"/>
        <line num="404" type="stmt" count="2"/>
        <line num="410" type="method" name="postSave" visibility="public" complexity="1" crap="1" count="3"/>
        <line num="413" type="stmt" count="3"/>
        <line num="415" type="stmt" count="3"/>
        <line num="422" type="method" name="postUpdate" visibility="public" complexity="1" crap="2" count="0"/>
        <line num="425" type="stmt" count="0"/>
        <line num="427" type="stmt" count="0"/>
        <line num="436" type="method" name="isActiveRoute" visibility="public" complexity="2" crap="6" count="0"/>
        <line num="439" type="stmt" count="0"/>
        <line num="440" type="stmt" count="0"/>
        <metrics loc="443" ncloc="268" classes="1" methods="27" coveredmethods="23" conditionals="0" coveredconditionals="0" statements="79" coveredstatements="68" elements="106" coveredelements="91"/>
      </file>
      <file name="/mnt/c/Users/Mathieu/Web/memo-boilerplate/vendor/locomotivemtl/charcoal-cms/src/Charcoal/Cms/AbstractFaq.php">
        <class name="AbstractFaq" namespace="Charcoal\Cms">
          <metrics complexity="4" methods="4" coveredmethods="4" conditionals="0" coveredconditionals="0" statements="6" coveredstatements="6" elements="10" coveredelements="10"/>
        </class>
        <line num="50" type="method" name="setQuestion" visibility="public" complexity="1" crap="1" count="2"/>
        <line num="52" type="stmt" count="2"/>
        <line num="53" type="stmt" count="2"/>
        <line num="59" type="method" name="question" visibility="public" complexity="1" crap="1" count="2"/>
        <line num="61" type="stmt" count="2"/>
        <line num="68" type="method" name="setAnswer" visibility="public" complexity="1" crap="1" count="2"/>
        <line num="70" type="stmt" count="2"/>
        <line num="71" type="stmt" count="2"/>
        <line num="77" type="method" name="answer" visibility="public" complexity="1" crap="1" count="2"/>
        <line num="79" type="stmt" count="2"/>
        <metrics loc="81" ncloc="50" classes="1" methods="4" coveredmethods="4" conditionals="0" coveredconditionals="0" statements="6" coveredstatements="6" elements="10" coveredelements="10"/>
      </file>
      <file name="/mnt/c/Users/Mathieu/Web/memo-boilerplate/vendor/locomotivemtl/charcoal-cms/src/Charcoal/Cms/AbstractNews.php">
        <class name="AbstractNews" namespace="Charcoal\Cms">
          <metrics complexity="39" methods="29" coveredmethods="23" conditionals="0" coveredconditionals="0" statements="68" coveredstatements="58" elements="97" coveredelements="81"/>
        </class>
        <line num="105" type="method" name="__construct" visibility="public" complexity="2" crap="2" count="16"/>
        <line num="107" type="stmt" count="16"/>
        <line num="109" type="stmt" count="16"/>
        <line num="110" type="stmt" count="16"/>
        <line num="112" type="stmt" count="16"/>
        <line num="122" type="method" name="dateTimeDate" visibility="public" complexity="1" crap="2" count="0"/>
        <line num="124" type="stmt" count="0"/>
        <line num="126" type="stmt" count="0"/>
        <line num="133" type="method" name="verifyDates" visibility="public" complexity="3" crap="3" count="5"/>
        <line num="135" type="stmt" count="5"/>
        <line num="136" type="stmt" count="5"/>
        <line num="139" type="stmt" count="5"/>
        <line num="140" type="stmt" count="5"/>
        <line num="142" type="stmt" count="5"/>
        <line num="147" type="method" name="adminDateFilter" visibility="public" complexity="1" crap="2" count="0"/>
        <line num="149" type="stmt" count="0"/>
        <line num="160" type="method" name="setTitle" visibility="public" complexity="1" crap="1" count="8"/>
        <line num="162" type="stmt" count="8"/>
        <line num="164" type="stmt" count="8"/>
        <line num="171" type="method" name="setSubtitle" visibility="public" complexity="1" crap="1" count="2"/>
        <line num="173" type="stmt" count="2"/>
        <line num="175" type="stmt" count="2"/>
        <line num="182" type="method" name="setSummary" visibility="public" complexity="1" crap="1" count="1"/>
        <line num="184" type="stmt" count="1"/>
        <line num="186" type="stmt" count="1"/>
        <line num="193" type="method" name="setContent" visibility="public" complexity="1" crap="1" count="5"/>
        <line num="195" type="stmt" count="5"/>
        <line num="197" type="stmt" count="5"/>
        <line num="204" type="method" name="setImage" visibility="public" complexity="1" crap="1" count="2"/>
        <line num="206" type="stmt" count="2"/>
        <line num="208" type="stmt" count="2"/>
        <line num="215" type="method" name="setInfoUrl" visibility="public" complexity="1" crap="2" count="0"/>
        <line num="217" type="stmt" count="0"/>
        <line num="219" type="stmt" count="0"/>
        <line num="227" type="method" name="setNewsDate" visibility="public" complexity="5" crap="5" count="8"/>
        <line num="229" type="stmt" count="8"/>
        <line num="230" type="stmt" count="1"/>
        <line num="232" type="stmt" count="1"/>
        <line num="234" type="stmt" count="8"/>
        <line num="235" type="stmt" count="8"/>
        <line num="237" type="stmt" count="7"/>
        <line num="238" type="stmt" count="1"/>
        <line num="239" type="stmt" count="1"/>
        <line num="242" type="stmt" count="7"/>
        <line num="244" type="stmt" count="7"/>
        <line num="253" type="method" name="setKeywords" visibility="public" complexity="1" crap="1" count="1"/>
        <line num="255" type="stmt" count="1"/>
        <line num="257" type="stmt" count="1"/>
        <line num="267" type="method" name="title" visibility="public" complexity="1" crap="1" count="10"/>
        <line num="269" type="stmt" count="10"/>
        <line num="275" type="method" name="subtitle" visibility="public" complexity="1" crap="1" count="8"/>
        <line num="277" type="stmt" count="8"/>
        <line num="283" type="method" name="summary" visibility="public" complexity="1" crap="1" count="7"/>
        <line num="285" type="stmt" count="7"/>
        <line num="291" type="method" name="infoUrl" visibility="public" complexity="1" crap="1" count="6"/>
        <line num="293" type="stmt" count="6"/>
        <line num="299" type="method" name="newsDate" visibility="public" complexity="1" crap="1" count="8"/>
        <line num="301" type="stmt" count="8"/>
        <line num="307" type="method" name="content" visibility="public" complexity="1" crap="1" count="10"/>
        <line num="309" type="stmt" count="10"/>
        <line num="315" type="method" name="image" visibility="public" complexity="1" crap="1" count="8"/>
        <line num="317" type="stmt" count="8"/>
        <line num="330" type="method" name="canonicalUrl" visibility="public" complexity="1" crap="2" count="0"/>
        <line num="332" type="stmt" count="0"/>
        <line num="338" type="method" name="defaultMetaTitle" visibility="public" complexity="1" crap="1" count="7"/>
        <line num="340" type="stmt" count="7"/>
        <line num="346" type="method" name="defaultMetaDescription" visibility="public" complexity="3" crap="3" count="7"/>
        <line num="348" type="stmt" count="7"/>
        <line num="349" type="stmt" count="7"/>
        <line num="350" type="stmt" count="3"/>
        <line num="351" type="stmt" count="3"/>
        <line num="352" type="stmt" count="3"/>
        <line num="355" type="stmt" count="3"/>
        <line num="358" type="stmt" count="4"/>
        <line num="364" type="method" name="defaultMetaImage" visibility="public" complexity="1" crap="1" count="7"/>
        <line num="366" type="stmt" count="7"/>
        <line num="374" type="method" name="keywords" visibility="public" complexity="1" crap="1" count="6"/>
        <line num="376" type="stmt" count="6"/>
        <line num="388" type="method" name="preSave" visibility="public" complexity="1" crap="1" count="3"/>
        <line num="390" type="stmt" count="3"/>
        <line num="391" type="stmt" count="3"/>
        <line num="392" type="stmt" count="3"/>
        <line num="394" type="stmt" count="3"/>
        <line num="403" type="method" name="preUpdate" visibility="public" complexity="1" crap="1" count="2"/>
        <line num="405" type="stmt" count="2"/>
        <line num="406" type="stmt" count="2"/>
        <line num="407" type="stmt" count="2"/>
        <line num="409" type="stmt" count="2"/>
        <line num="415" type="method" name="postSave" visibility="public" complexity="1" crap="1" count="3"/>
        <line num="418" type="stmt" count="3"/>
        <line num="420" type="stmt" count="3"/>
        <line num="427" type="method" name="postUpdate" visibility="public" complexity="1" crap="2" count="0"/>
        <line num="430" type="stmt" count="0"/>
        <line num="432" type="stmt" count="0"/>
        <line num="441" type="method" name="isActiveRoute" visibility="public" complexity="2" crap="6" count="0"/>
        <line num="444" type="stmt" count="0"/>
        <line num="445" type="stmt" count="0"/>
        <metrics loc="448" ncloc="254" classes="1" methods="29" coveredmethods="23" conditionals="0" coveredconditionals="0" statements="68" coveredstatements="58" elements="97" coveredelements="81"/>
      </file>
      <file name="/mnt/c/Users/Mathieu/Web/memo-boilerplate/vendor/locomotivemtl/charcoal-cms/src/Charcoal/Cms/AbstractSection.php">
        <class name="AbstractSection" namespace="Charcoal\Cms">
          <metrics complexity="43" methods="33" coveredmethods="22" conditionals="0" coveredconditionals="0" statements="79" coveredstatements="47" elements="112" coveredelements="69"/>
        </class>
        <line num="127" type="method" name="__construct" visibility="public" complexity="2" crap="2" count="16"/>
        <line num="129" type="stmt" count="16"/>
        <line num="131" type="stmt" count="16"/>
        <line num="132" type="stmt" count="16"/>
        <line num="134" type="stmt" count="16"/>
        <line num="145" type="method" name="isDeletable" visibility="public" complexity="2" crap="6" count="0"/>
        <line num="147" type="stmt" count="0"/>
        <line num="155" type="method" name="hierarchicalLabel" visibility="public" complexity="1" crap="2" count="0"/>
        <line num="157" type="stmt" count="0"/>
        <line num="165" type="method" name="loadChildren" visibility="public" complexity="1" crap="2" count="0"/>
        <line num="167" type="stmt" count="0"/>
        <line num="168" type="stmt" count="0"/>
        <line num="169" type="stmt" count="0"/>
        <line num="171" type="stmt" count="0"/>
        <line num="173" type="stmt" count="0"/>
        <line num="174" type="stmt" count="0"/>
        <line num="175" type="stmt" count="0"/>
        <line num="177" type="stmt" count="0"/>
        <line num="178" type="stmt" count="0"/>
        <line num="182" type="stmt" count="0"/>
        <line num="183" type="stmt" count="0"/>
        <line num="187" type="stmt" count="0"/>
        <line num="201" type="method" name="setSectionType" visibility="public" complexity="2" crap="2" count="8"/>
        <line num="203" type="stmt" count="8"/>
        <line num="204" type="stmt" count="1"/>
        <line num="205" type="stmt" count="1"/>
        <line num="209" type="stmt" count="8"/>
        <line num="211" type="stmt" count="8"/>
        <line num="220" type="method" name="setInMenu" visibility="public" complexity="1" crap="2" count="0"/>
        <line num="222" type="stmt" count="0"/>
        <line num="224" type="stmt" count="0"/>
        <line num="233" type="method" name="setKeywords" visibility="public" complexity="1" crap="2" count="0"/>
        <line num="235" type="stmt" count="0"/>
        <line num="237" type="stmt" count="0"/>
        <line num="244" type="method" name="setSummary" visibility="public" complexity="1" crap="2" count="0"/>
        <line num="246" type="stmt" count="0"/>
        <line num="248" type="stmt" count="0"/>
        <line num="255" type="method" name="setExternalUrl" visibility="public" complexity="1" crap="2" count="0"/>
        <line num="257" type="stmt" count="0"/>
        <line num="259" type="stmt" count="0"/>
        <line num="267" type="method" name="setLocked" visibility="public" complexity="1" crap="2" count="0"/>
        <line num="269" type="stmt" count="0"/>
        <line num="271" type="stmt" count="0"/>
        <line num="278" type="method" name="setTitle" visibility="public" complexity="1" crap="1" count="9"/>
        <line num="280" type="stmt" count="9"/>
        <line num="282" type="stmt" count="9"/>
        <line num="289" type="method" name="setSubtitle" visibility="public" complexity="1" crap="1" count="2"/>
        <line num="291" type="stmt" count="2"/>
        <line num="293" type="stmt" count="2"/>
        <line num="300" type="method" name="setContent" visibility="public" complexity="1" crap="1" count="5"/>
        <line num="302" type="stmt" count="5"/>
        <line num="304" type="stmt" count="5"/>
        <line num="311" type="method" name="setImage" visibility="public" complexity="1" crap="1" count="5"/>
        <line num="313" type="stmt" count="5"/>
        <line num="315" type="stmt" count="5"/>
        <line num="327" type="method" name="sectionType" visibility="public" complexity="1" crap="1" count="9"/>
        <line num="329" type="stmt" count="9"/>
        <line num="335" type="method" name="title" visibility="public" complexity="1" crap="1" count="12"/>
        <line num="337" type="stmt" count="12"/>
        <line num="343" type="method" name="subtitle" visibility="public" complexity="1" crap="1" count="9"/>
        <line num="345" type="stmt" count="9"/>
        <line num="351" type="method" name="content" visibility="public" complexity="1" crap="1" count="12"/>
        <line num="353" type="stmt" count="12"/>
        <line num="359" type="method" name="image" visibility="public" complexity="1" crap="1" count="12"/>
        <line num="361" type="stmt" count="12"/>
        <line num="369" type="method" name="inMenu" visibility="public" complexity="1" crap="1" count="7"/>
        <line num="371" type="stmt" count="7"/>
        <line num="379" type="method" name="keywords" visibility="public" complexity="1" crap="1" count="7"/>
        <line num="381" type="stmt" count="7"/>
        <line num="389" type="method" name="summary" visibility="public" complexity="1" crap="1" count="7"/>
        <line num="391" type="stmt" count="7"/>
        <line num="397" type="method" name="externalUrl" visibility="public" complexity="1" crap="1" count="7"/>
        <line num="399" type="stmt" count="7"/>
        <line num="405" type="method" name="locked" visibility="public" complexity="1" crap="1" count="7"/>
        <line num="407" type="stmt" count="7"/>
        <line num="420" type="method" name="canonicalUrl" visibility="public" complexity="1" crap="2" count="0"/>
        <line num="422" type="stmt" count="0"/>
        <line num="428" type="method" name="defaultMetaTitle" visibility="public" complexity="1" crap="1" count="9"/>
        <line num="430" type="stmt" count="9"/>
        <line num="436" type="method" name="defaultMetaDescription" visibility="public" complexity="3" crap="3" count="9"/>
        <line num="438" type="stmt" count="9"/>
        <line num="439" type="stmt" count="9"/>
        <line num="440" type="stmt" count="3"/>
        <line num="441" type="stmt" count="3"/>
        <line num="442" type="stmt" count="3"/>
        <line num="445" type="stmt" count="3"/>
        <line num="448" type="stmt" count="6"/>
        <line num="454" type="method" name="defaultMetaImage" visibility="public" complexity="1" crap="1" count="9"/>
        <line num="456" type="stmt" count="9"/>
        <line num="470" type="method" name="postSave" visibility="public" complexity="2" crap="2" count="4"/>
        <line num="473" type="stmt" count="4"/>
        <line num="474" type="stmt" count="4"/>
        <line num="477" type="stmt" count="4"/>
        <line num="486" type="method" name="postUpdate" visibility="public" complexity="2" crap="6" count="0"/>
        <line num="488" type="stmt" count="0"/>
        <line num="489" type="stmt" count="0"/>
        <line num="492" type="stmt" count="0"/>
        <line num="500" type="method" name="preSave" visibility="public" complexity="2" crap="2" count="4"/>
        <line num="502" type="stmt" count="4"/>
        <line num="503" type="stmt" count="4"/>
        <line num="506" type="stmt" count="4"/>
        <line num="508" type="stmt" count="4"/>
        <line num="517" type="method" name="preUpdate" visibility="public" complexity="2" crap="2" count="2"/>
        <line num="519" type="stmt" count="2"/>
        <line num="520" type="stmt" count="2"/>
        <line num="523" type="stmt" count="2"/>
        <line num="525" type="stmt" count="2"/>
        <line num="534" type="method" name="preDelete" visibility="public" complexity="2" crap="6" count="0"/>
        <line num="536" type="stmt" count="0"/>
        <line num="537" type="stmt" count="0"/>
        <line num="541" type="stmt" count="0"/>
        <line num="543" type="stmt" count="0"/>
        <metrics loc="545" ncloc="293" classes="1" methods="33" coveredmethods="22" conditionals="0" coveredconditionals="0" statements="79" coveredstatements="47" elements="112" coveredelements="69"/>
      </file>
      <file name="/mnt/c/Users/Mathieu/Web/memo-boilerplate/vendor/locomotivemtl/charcoal-cms/src/Charcoal/Cms/Config.php">
        <class name="Config" namespace="Charcoal\Cms">
          <metrics complexity="14" methods="13" coveredmethods="0" conditionals="0" coveredconditionals="0" statements="48" coveredstatements="0" elements="61" coveredelements="0"/>
        </class>
        <line num="58" type="method" name="__construct" visibility="public" complexity="2" crap="6" count="0"/>
        <line num="59" type="stmt" count="0"/>
        <line num="60" type="stmt" count="0"/>
        <line num="62" type="stmt" count="0"/>
        <line num="63" type="stmt" count="0"/>
        <line num="64" type="stmt" count="0"/>
        <line num="65" type="stmt" count="0"/>
        <line num="75" type="method" name="setDefaultMetaTitle" visibility="public" complexity="1" crap="2" count="0"/>
        <line num="76" type="stmt" count="0"/>
        <line num="77" type="stmt" count="0"/>
        <line num="79" type="stmt" count="0"/>
        <line num="80" type="stmt" count="0"/>
        <line num="86" type="method" name="setDefaultMetaDescription" visibility="public" complexity="1" crap="2" count="0"/>
        <line num="87" type="stmt" count="0"/>
        <line num="88" type="stmt" count="0"/>
        <line num="90" type="stmt" count="0"/>
        <line num="91" type="stmt" count="0"/>
        <line num="97" type="method" name="setDefaultMetaImage" visibility="public" complexity="1" crap="2" count="0"/>
        <line num="98" type="stmt" count="0"/>
        <line num="99" type="stmt" count="0"/>
        <line num="101" type="stmt" count="0"/>
        <line num="102" type="stmt" count="0"/>
        <line num="108" type="method" name="setDefaultMetaUrl" visibility="public" complexity="1" crap="2" count="0"/>
        <line num="109" type="stmt" count="0"/>
        <line num="110" type="stmt" count="0"/>
        <line num="112" type="stmt" count="0"/>
        <line num="113" type="stmt" count="0"/>
        <line num="119" type="method" name="setSocialMedias" visibility="public" complexity="1" crap="2" count="0"/>
        <line num="120" type="stmt" count="0"/>
        <line num="121" type="stmt" count="0"/>
        <line num="123" type="stmt" count="0"/>
        <line num="124" type="stmt" count="0"/>
        <line num="130" type="method" name="setDefaultFromEmail" visibility="public" complexity="1" crap="2" count="0"/>
        <line num="131" type="stmt" count="0"/>
        <line num="132" type="stmt" count="0"/>
        <line num="134" type="stmt" count="0"/>
        <line num="135" type="stmt" count="0"/>
        <line num="144" type="method" name="defaultMetaTitle" visibility="public" complexity="1" crap="2" count="0"/>
        <line num="145" type="stmt" count="0"/>
        <line num="146" type="stmt" count="0"/>
        <line num="147" type="stmt" count="0"/>
        <line num="152" type="method" name="defaultMetaDescription" visibility="public" complexity="1" crap="2" count="0"/>
        <line num="153" type="stmt" count="0"/>
        <line num="154" type="stmt" count="0"/>
        <line num="155" type="stmt" count="0"/>
        <line num="160" type="method" name="defaultMetaImage" visibility="public" complexity="1" crap="2" count="0"/>
        <line num="161" type="stmt" count="0"/>
        <line num="162" type="stmt" count="0"/>
        <line num="163" type="stmt" count="0"/>
        <line num="168" type="method" name="defaultMetaUrl" visibility="public" complexity="1" crap="2" count="0"/>
        <line num="169" type="stmt" count="0"/>
        <line num="170" type="stmt" count="0"/>
        <line num="171" type="stmt" count="0"/>
        <line num="176" type="method" name="socialMedias" visibility="public" complexity="1" crap="2" count="0"/>
        <line num="177" type="stmt" count="0"/>
        <line num="178" type="stmt" count="0"/>
        <line num="179" type="stmt" count="0"/>
        <line num="184" type="method" name="defaultFromEmail" visibility="public" complexity="1" crap="2" count="0"/>
        <line num="185" type="stmt" count="0"/>
        <line num="186" type="stmt" count="0"/>
        <line num="187" type="stmt" count="0"/>
        <metrics loc="188" ncloc="97" classes="1" methods="13" coveredmethods="0" conditionals="0" coveredconditionals="0" statements="48" coveredstatements="0" elements="61" coveredelements="0"/>
      </file>
      <file name="/mnt/c/Users/Mathieu/Web/memo-boilerplate/vendor/locomotivemtl/charcoal-cms/src/Charcoal/Cms/Event.php">
        <class name="Event" namespace="Charcoal\Cms">
          <metrics complexity="2" methods="2" coveredmethods="1" conditionals="0" coveredconditionals="0" statements="2" coveredstatements="1" elements="4" coveredelements="2"/>
        </class>
        <line num="19" type="method" name="categoryType" visibility="public" complexity="1" crap="1" count="1"/>
        <line num="21" type="stmt" count="1"/>
        <line num="30" type="method" name="canonicalUrl" visibility="public" complexity="1" crap="2" count="0"/>
        <line num="32" type="stmt" count="0"/>
        <metrics loc="34" ncloc="18" classes="1" methods="2" coveredmethods="1" conditionals="0" coveredconditionals="0" statements="2" coveredstatements="1" elements="4" coveredelements="2"/>
      </file>
      <file name="/mnt/c/Users/Mathieu/Web/memo-boilerplate/vendor/locomotivemtl/charcoal-cms/src/Charcoal/Cms/EventCategory.php">
        <class name="EventCategory" namespace="Charcoal\Cms">
          <metrics complexity="4" methods="4" coveredmethods="1" conditionals="0" coveredconditionals="0" statements="5" coveredstatements="1" elements="9" coveredelements="2"/>
        </class>
        <line num="31" type="method" name="itemType" visibility="public" complexity="1" crap="1" count="1"/>
        <line num="33" type="stmt" count="1"/>
        <line num="39" type="method" name="loadCategoryItems" visibility="public" complexity="1" crap="2" count="0"/>
        <line num="41" type="stmt" count="0"/>
        <line num="47" type="method" name="name" visibility="public" complexity="1" crap="2" count="0"/>
        <line num="49" type="stmt" count="0"/>
        <line num="56" type="method" name="setName" visibility="public" complexity="1" crap="2" count="0"/>
        <line num="58" type="stmt" count="0"/>
        <line num="60" type="stmt" count="0"/>
        <metrics loc="62" ncloc="36" classes="1" methods="4" coveredmethods="1" conditionals="0" coveredconditionals="0" statements="5" coveredstatements="1" elements="9" coveredelements="2"/>
      </file>
      <file name="/mnt/c/Users/Mathieu/Web/memo-boilerplate/vendor/locomotivemtl/charcoal-cms/src/Charcoal/Cms/Faq.php">
        <class name="Faq" namespace="Charcoal\Cms">
          <metrics complexity="1" methods="1" coveredmethods="1" conditionals="0" coveredconditionals="0" statements="1" coveredstatements="1" elements="2" coveredelements="2"/>
        </class>
        <line num="19" type="method" name="categoryType" visibility="public" complexity="1" crap="1" count="1"/>
        <line num="21" type="stmt" count="1"/>
        <metrics loc="23" ncloc="13" classes="1" methods="1" coveredmethods="1" conditionals="0" coveredconditionals="0" statements="1" coveredstatements="1" elements="2" coveredelements="2"/>
      </file>
      <file name="/mnt/c/Users/Mathieu/Web/memo-boilerplate/vendor/locomotivemtl/charcoal-cms/src/Charcoal/Cms/FaqCategory.php">
        <class name="FaqCategory" namespace="Charcoal\Cms">
          <metrics complexity="2" methods="2" coveredmethods="1" conditionals="0" coveredconditionals="0" statements="2" coveredstatements="1" elements="4" coveredelements="2"/>
        </class>
        <line num="25" type="method" name="itemType" visibility="public" complexity="1" crap="1" count="1"/>
        <line num="27" type="stmt" count="1"/>
        <line num="33" type="method" name="loadCategoryItems" visibility="public" complexity="1" crap="2" count="0"/>
        <line num="35" type="stmt" count="0"/>
        <metrics loc="37" ncloc="22" classes="1" methods="2" coveredmethods="1" conditionals="0" coveredconditionals="0" statements="2" coveredstatements="1" elements="4" coveredelements="2"/>
      </file>
      <file name="/mnt/c/Users/Mathieu/Web/memo-boilerplate/vendor/locomotivemtl/charcoal-cms/src/Charcoal/Cms/MetatagTrait.php">
        <class name="MetatagTrait" namespace="Charcoal\Cms">
          <metrics complexity="47" methods="28" coveredmethods="8" conditionals="0" coveredconditionals="0" statements="67" coveredstatements="19" elements="95" coveredelements="27"/>
        </class>
        <line num="98" type="method" name="setMetaTitle" visibility="public" complexity="1" crap="1" count="23"/>
        <line num="100" type="stmt" count="23"/>
        <line num="101" type="stmt" count="23"/>
        <line num="107" type="method" name="metaTitle" visibility="public" complexity="1" crap="1" count="22"/>
        <line num="109" type="stmt" count="22"/>
        <line num="116" type="method" name="setMetaDescription" visibility="public" complexity="1" crap="1" count="23"/>
        <line num="118" type="stmt" count="23"/>
        <line num="119" type="stmt" count="23"/>
        <line num="125" type="method" name="metaDescription" visibility="public" complexity="1" crap="1" count="22"/>
        <line num="127" type="stmt" count="22"/>
        <line num="134" type="method" name="setMetaImage" visibility="public" complexity="1" crap="1" count="23"/>
        <line num="136" type="stmt" count="23"/>
        <line num="137" type="stmt" count="23"/>
        <line num="143" type="method" name="metaImage" visibility="public" complexity="1" crap="1" count="20"/>
        <line num="145" type="stmt" count="20"/>
        <line num="152" type="method" name="setMetaAuthor" visibility="public" complexity="1" crap="2" count="0"/>
        <line num="154" type="stmt" count="0"/>
        <line num="155" type="stmt" count="0"/>
        <line num="161" type="method" name="metaAuthor" visibility="public" complexity="1" crap="1" count="19"/>
        <line num="163" type="stmt" count="19"/>
        <line num="169" type="method" name="metaTags" visibility="public" complexity="1" crap="2" count="0"/>
        <line num="171" type="stmt" count="0"/>
        <line num="172" type="stmt" count="0"/>
        <line num="179" type="method" name="setFacebookAppId" visibility="public" complexity="1" crap="2" count="0"/>
        <line num="181" type="stmt" count="0"/>
        <line num="182" type="stmt" count="0"/>
        <line num="188" type="method" name="facebookAppId" visibility="public" complexity="1" crap="2" count="0"/>
        <line num="190" type="stmt" count="0"/>
        <line num="197" type="method" name="setOpengraphTitle" visibility="public" complexity="1" crap="2" count="0"/>
        <line num="199" type="stmt" count="0"/>
        <line num="200" type="stmt" count="0"/>
        <line num="210" type="method" name="opengraphTitle" visibility="public" complexity="2" crap="6" count="0"/>
        <line num="212" type="stmt" count="0"/>
        <line num="213" type="stmt" count="0"/>
        <line num="215" type="stmt" count="0"/>
        <line num="222" type="method" name="setOpengraphSiteName" visibility="public" complexity="1" crap="2" count="0"/>
        <line num="224" type="stmt" count="0"/>
        <line num="225" type="stmt" count="0"/>
        <line num="231" type="method" name="opengraphSiteName" visibility="public" complexity="1" crap="2" count="0"/>
        <line num="233" type="stmt" count="0"/>
        <line num="240" type="method" name="setOpengraphDescription" visibility="public" complexity="1" crap="2" count="0"/>
        <line num="242" type="stmt" count="0"/>
        <line num="243" type="stmt" count="0"/>
        <line num="249" type="method" name="opengraphDescription" visibility="public" complexity="2" crap="6" count="0"/>
        <line num="251" type="stmt" count="0"/>
        <line num="252" type="stmt" count="0"/>
        <line num="254" type="stmt" count="0"/>
        <line num="261" type="method" name="setOpengraphType" visibility="public" complexity="1" crap="2" count="0"/>
        <line num="263" type="stmt" count="0"/>
        <line num="264" type="stmt" count="0"/>
        <line num="270" type="method" name="opengraphType" visibility="public" complexity="1" crap="2" count="0"/>
        <line num="272" type="stmt" count="0"/>
        <line num="279" type="method" name="setOpengraphImage" visibility="public" complexity="1" crap="2" count="0"/>
        <line num="281" type="stmt" count="0"/>
        <line num="282" type="stmt" count="0"/>
        <line num="288" type="method" name="opengraphImage" visibility="public" complexity="2" crap="6" count="0"/>
        <line num="290" type="stmt" count="0"/>
        <line num="291" type="stmt" count="0"/>
        <line num="293" type="stmt" count="0"/>
        <line num="300" type="method" name="setOpengraphAuthor" visibility="public" complexity="1" crap="2" count="0"/>
        <line num="302" type="stmt" count="0"/>
        <line num="303" type="stmt" count="0"/>
        <line num="309" type="method" name="opengraphAuthor" visibility="public" complexity="2" crap="6" count="0"/>
        <line num="311" type="stmt" count="0"/>
        <line num="312" type="stmt" count="0"/>
        <line num="314" type="stmt" count="0"/>
        <line num="321" type="method" name="setOpengraphPulisher" visibility="public" complexity="1" crap="2" count="0"/>
        <line num="323" type="stmt" count="0"/>
        <line num="324" type="stmt" count="0"/>
        <line num="330" type="method" name="opengraphPublisher" visibility="public" complexity="2" crap="6" count="0"/>
        <line num="332" type="stmt" count="0"/>
        <line num="333" type="stmt" count="0"/>
        <line num="335" type="stmt" count="0"/>
        <line num="341" type="method" name="opengraphTags" visibility="public" complexity="1" crap="2" count="0"/>
        <line num="343" type="stmt" count="0"/>
        <line num="354" type="method" name="generateDefaultMetaTags" visibility="public" complexity="4" crap="4" count="23"/>
        <line num="356" type="stmt" count="23"/>
        <line num="357" type="stmt" count="23"/>
        <line num="359" type="stmt" count="23"/>
        <line num="360" type="stmt" count="23"/>
        <line num="362" type="stmt" count="23"/>
        <line num="363" type="stmt" count="23"/>
        <line num="365" type="stmt" count="23"/>
        <line num="380" type="method" name="isEmptyMeta" visibility="public" complexity="7" crap="33.84" count="23"/>
        <line num="382" type="stmt" count="23"/>
        <line num="383" type="stmt" count="23"/>
        <line num="388" type="stmt" count="0"/>
        <line num="389" type="stmt" count="0"/>
        <line num="394" type="stmt" count="0"/>
        <line num="395" type="stmt" count="0"/>
        <line num="396" type="stmt" count="0"/>
        <line num="397" type="stmt" count="0"/>
        <line num="398" type="stmt" count="0"/>
        <line num="401" type="stmt" count="0"/>
        <line num="403" type="stmt" count="0"/>
        <metrics loc="410" ncloc="232" classes="1" methods="28" coveredmethods="8" conditionals="0" coveredconditionals="0" statements="67" coveredstatements="19" elements="95" coveredelements="27"/>
      </file>
      <file name="/mnt/c/Users/Mathieu/Web/memo-boilerplate/vendor/locomotivemtl/charcoal-cms/src/Charcoal/Cms/News.php">
        <class name="News" namespace="Charcoal\Cms">
          <metrics complexity="1" methods="1" coveredmethods="1" conditionals="0" coveredconditionals="0" statements="1" coveredstatements="1" elements="2" coveredelements="2"/>
        </class>
        <line num="19" type="method" name="categoryType" visibility="public" complexity="1" crap="1" count="1"/>
        <line num="21" type="stmt" count="1"/>
        <metrics loc="23" ncloc="13" classes="1" methods="1" coveredmethods="1" conditionals="0" coveredconditionals="0" statements="1" coveredstatements="1" elements="2" coveredelements="2"/>
      </file>
      <file name="/mnt/c/Users/Mathieu/Web/memo-boilerplate/vendor/locomotivemtl/charcoal-cms/src/Charcoal/Cms/NewsCategory.php">
        <class name="NewsCategory" namespace="Charcoal\Cms">
          <metrics complexity="6" methods="5" coveredmethods="2" conditionals="0" coveredconditionals="0" statements="9" coveredstatements="5" elements="14" coveredelements="7"/>
        </class>
        <line num="30" type="method" name="__construct" visibility="public" complexity="2" crap="2" count="7"/>
        <line num="32" type="stmt" count="7"/>
        <line num="34" type="stmt" count="7"/>
        <line num="35" type="stmt" count="7"/>
        <line num="37" type="stmt" count="7"/>
        <line num="44" type="method" name="itemType" visibility="public" complexity="1" crap="1" count="1"/>
        <line num="46" type="stmt" count="1"/>
        <line num="52" type="method" name="loadCategoryItems" visibility="public" complexity="1" crap="2" count="0"/>
        <line num="54" type="stmt" count="0"/>
        <line num="60" type="method" name="name" visibility="public" complexity="1" crap="2" count="0"/>
        <line num="62" type="stmt" count="0"/>
        <line num="69" type="method" name="setName" visibility="public" complexity="1" crap="2" count="0"/>
        <line num="71" type="stmt" count="0"/>
        <line num="73" type="stmt" count="0"/>
        <metrics loc="75" ncloc="45" classes="1" methods="5" coveredmethods="2" conditionals="0" coveredconditionals="0" statements="9" coveredstatements="5" elements="14" coveredelements="7"/>
      </file>
      <file name="/mnt/c/Users/Mathieu/Web/memo-boilerplate/vendor/locomotivemtl/charcoal-cms/src/Charcoal/Cms/SearchableTrait.php">
        <class name="SearchableTrait" namespace="Charcoal\Cms">
          <metrics complexity="4" methods="4" coveredmethods="0" conditionals="0" coveredconditionals="0" statements="6" coveredstatements="0" elements="10" coveredelements="0"/>
        </class>
        <line num="27" type="method" name="setSearchProperties" visibility="public" complexity="1" crap="2" count="0"/>
        <line num="29" type="stmt" count="0"/>
        <line num="30" type="stmt" count="0"/>
        <line num="36" type="method" name="searchProperties" visibility="public" complexity="1" crap="2" count="0"/>
        <line num="38" type="stmt" count="0"/>
        <line num="45" type="method" name="setSearchKeywords" visibility="public" complexity="1" crap="2" count="0"/>
        <line num="47" type="stmt" count="0"/>
        <line num="48" type="stmt" count="0"/>
        <line num="54" type="method" name="searchKeywords" visibility="public" complexity="1" crap="2" count="0"/>
        <line num="56" type="stmt" count="0"/>
        <metrics loc="58" ncloc="33" classes="1" methods="4" coveredmethods="0" conditionals="0" coveredconditionals="0" statements="6" coveredstatements="0" elements="10" coveredelements="0"/>
      </file>
      <file name="/mnt/c/Users/Mathieu/Web/memo-boilerplate/vendor/locomotivemtl/charcoal-cms/src/Charcoal/Cms/Section.php">
        <class name="Section" namespace="Charcoal\Cms">
          <metrics complexity="0" methods="0" coveredmethods="0" conditionals="0" coveredconditionals="0" statements="0" coveredstatements="0" elements="0" coveredelements="0"/>
        </class>
        <metrics loc="13" ncloc="8" classes="0" methods="0" coveredmethods="0" conditionals="0" coveredconditionals="0" statements="0" coveredstatements="0" elements="0" coveredelements="0"/>
      </file>
      <file name="/mnt/c/Users/Mathieu/Web/memo-boilerplate/vendor/locomotivemtl/charcoal-cms/src/Charcoal/Cms/Section/EmptySection.php">
        <class name="EmptySection" namespace="Charcoal\Cms">
          <metrics complexity="0" methods="0" coveredmethods="0" conditionals="0" coveredconditionals="0" statements="0" coveredstatements="0" elements="0" coveredelements="0"/>
        </class>
        <metrics loc="17" ncloc="9" classes="0" methods="0" coveredmethods="0" conditionals="0" coveredconditionals="0" statements="0" coveredstatements="0" elements="0" coveredelements="0"/>
      </file>
      <file name="/mnt/c/Users/Mathieu/Web/memo-boilerplate/vendor/locomotivemtl/charcoal-cms/src/Charcoal/Cms/Section/ExternalSection.php">
        <class name="ExternalSection" namespace="Charcoal\Cms">
          <metrics complexity="2" methods="2" coveredmethods="0" conditionals="0" coveredconditionals="0" statements="7" coveredstatements="0" elements="9" coveredelements="0"/>
        </class>
        <line num="27" type="method" name="setExternalUrl" visibility="public" complexity="1" crap="2" count="0"/>
        <line num="28" type="stmt" count="0"/>
        <line num="29" type="stmt" count="0"/>
        <line num="31" type="stmt" count="0"/>
        <line num="32" type="stmt" count="0"/>
        <line num="37" type="method" name="externalUrl" visibility="public" complexity="1" crap="2" count="0"/>
        <line num="38" type="stmt" count="0"/>
        <line num="39" type="stmt" count="0"/>
        <line num="40" type="stmt" count="0"/>
        <metrics loc="41" ncloc="22" classes="1" methods="2" coveredmethods="0" conditionals="0" coveredconditionals="0" statements="7" coveredstatements="0" elements="9" coveredelements="0"/>
      </file>
      <file name="/mnt/c/Users/Mathieu/Web/memo-boilerplate/vendor/locomotivemtl/charcoal-cms/src/Charcoal/Cms/Tag.php">
        <class name="Tag" namespace="Charcoal\Cms">
          <metrics complexity="6" methods="6" coveredmethods="2" conditionals="0" coveredconditionals="0" statements="10" coveredstatements="5" elements="16" coveredelements="7"/>
        </class>
        <line num="40" type="method" name="__construct" visibility="public" complexity="1" crap="1" count="19"/>
        <line num="42" type="stmt" count="19"/>
        <line num="44" type="stmt" count="19"/>
        <line num="45" type="stmt" count="19"/>
        <line num="55" type="method" name="loadCategoryItems" visibility="public" complexity="1" crap="2" count="0"/>
        <line num="57" type="stmt" count="0"/>
        <line num="69" type="method" name="name" visibility="public" complexity="1" crap="2" count="0"/>
        <line num="71" type="stmt" count="0"/>
        <line num="79" type="method" name="color" visibility="public" complexity="1" crap="2" count="0"/>
        <line num="81" type="stmt" count="0"/>
        <line num="92" type="method" name="setName" visibility="public" complexity="1" crap="2" count="0"/>
        <line num="94" type="stmt" count="0"/>
        <line num="95" type="stmt" count="0"/>
        <line num="102" type="method" name="setColor" visibility="public" complexity="1" crap="1" count="19"/>
        <line num="104" type="stmt" count="19"/>
        <line num="105" type="stmt" count="19"/>
        <metrics loc="107" ncloc="47" classes="1" methods="6" coveredmethods="2" conditionals="0" coveredconditionals="0" statements="10" coveredstatements="5" elements="16" coveredelements="7"/>
      </file>
      <file name="/mnt/c/Users/Mathieu/Web/memo-boilerplate/vendor/locomotivemtl/charcoal-cms/src/Charcoal/Cms/TemplateableTrait.php">
        <class name="TemplateableTrait" namespace="Charcoal\Cms">
          <metrics complexity="29" methods="12" coveredmethods="9" conditionals="0" coveredconditionals="0" statements="73" coveredstatements="70" elements="85" coveredelements="79"/>
        </class>
        <line num="68" type="method" name="setTemplateIdent" visibility="public" complexity="1" crap="1" count="36"/>
        <line num="70" type="stmt" count="36"/>
        <line num="72" type="stmt" count="36"/>
        <line num="74" type="stmt" count="36"/>
        <line num="82" type="method" name="templateIdent" visibility="public" complexity="1" crap="1" count="27"/>
        <line num="84" type="stmt" count="27"/>
        <line num="93" type="method" name="setControllerIdent" visibility="public" complexity="1" crap="1" count="3"/>
        <line num="95" type="stmt" count="3"/>
        <line num="97" type="stmt" count="3"/>
        <line num="99" type="stmt" count="3"/>
        <line num="107" type="method" name="controllerIdent" visibility="public" complexity="1" crap="1" count="26"/>
        <line num="109" type="stmt" count="26"/>
        <line num="118" type="method" name="setTemplateOptions" visibility="public" complexity="3" crap="3" count="20"/>
        <line num="120" type="stmt" count="20"/>
        <line num="122" type="stmt" count="20"/>
        <line num="123" type="stmt" count="1"/>
        <line num="124" type="stmt" count="20"/>
        <line num="125" type="stmt" count="3"/>
        <line num="128" type="stmt" count="20"/>
        <line num="130" type="stmt" count="20"/>
        <line num="138" type="method" name="templateOptions" visibility="public" complexity="1" crap="1" count="27"/>
        <line num="140" type="stmt" count="27"/>
        <line num="160" type="method" name="assertValidTemplateStructureDependencies" visibility="protected" complexity="3" crap="3" count="4"/>
        <line num="162" type="stmt" count="4"/>
        <line num="163" type="stmt" count="1"/>
        <line num="164" type="stmt" count="1"/>
        <line num="165" type="stmt" count="1"/>
        <line num="166" type="stmt" count="1"/>
        <line num="170" type="stmt" count="3"/>
        <line num="171" type="stmt" count="3"/>
        <line num="172" type="stmt" count="1"/>
        <line num="173" type="stmt" count="1"/>
        <line num="174" type="stmt" count="1"/>
        <line num="175" type="stmt" count="1"/>
        <line num="178" type="stmt" count="2"/>
        <line num="185" type="method" name="defaultTemplateProperties" visibility="protected" complexity="1" crap="1" count="2"/>
        <line num="187" type="stmt" count="2"/>
        <line num="199" type="method" name="extractTemplateInterfacesFrom" visibility="protected" complexity="7" crap="7.01" count="2"/>
        <line num="201" type="stmt" count="2"/>
        <line num="202" type="stmt" count="2"/>
        <line num="203" type="stmt" count="2"/>
        <line num="204" type="stmt" count="2"/>
        <line num="207" type="stmt" count="2"/>
        <line num="208" type="stmt" count="2"/>
        <line num="209" type="stmt" count="2"/>
        <line num="210" type="stmt" count="2"/>
        <line num="211" type="stmt" count="2"/>
        <line num="212" type="stmt" count="2"/>
        <line num="213" type="stmt" count="2"/>
        <line num="214" type="stmt" count="2"/>
        <line num="215" type="stmt" count="2"/>
        <line num="216" type="stmt" count="2"/>
        <line num="221" type="stmt" count="0"/>
        <line num="225" type="stmt" count="2"/>
        <line num="235" type="method" name="prepareTemplateOptions" visibility="protected" complexity="3" crap="3.02" count="4"/>
        <line num="237" type="stmt" count="4"/>
        <line num="239" type="stmt" count="2"/>
        <line num="240" type="stmt" count="1"/>
        <line num="243" type="stmt" count="2"/>
        <line num="244" type="stmt" count="2"/>
        <line num="245" type="stmt" count="0"/>
        <line num="248" type="stmt" count="2"/>
        <line num="250" type="stmt" count="2"/>
        <line num="259" type="method" name="saveTemplateOptions" visibility="protected" complexity="5" crap="5.01" count="1"/>
        <line num="261" type="stmt" count="1"/>
        <line num="262" type="stmt" count="1"/>
        <line num="265" type="stmt" count="1"/>
        <line num="267" type="stmt" count="1"/>
        <line num="268" type="stmt" count="1"/>
        <line num="269" type="stmt" count="1"/>
        <line num="270" type="stmt" count="1"/>
        <line num="271" type="stmt" count="1"/>
        <line num="272" type="stmt" count="1"/>
        <line num="273" type="stmt" count="1"/>
        <line num="274" type="stmt" count="0"/>
        <line num="277" type="stmt" count="1"/>
        <line num="280" type="stmt" count="1"/>
        <line num="287" type="method" name="templateOptionsStructure" visibility="public" complexity="2" crap="2" count="3"/>
        <line num="289" type="stmt" count="3"/>
        <line num="290" type="stmt" count="3"/>
        <line num="291" type="stmt" count="3"/>
        <line num="294" type="stmt" count="1"/>
        <line num="295" type="stmt" count="1"/>
        <line num="296" type="stmt" count="1"/>
        <line num="298" type="stmt" count="1"/>
        <metrics loc="300" ncloc="183" classes="1" methods="12" coveredmethods="9" conditionals="0" coveredconditionals="0" statements="73" coveredstatements="70" elements="85" coveredelements="79"/>
      </file>
    </package>
    <package name="Charcoal\Cms\Config">
      <file name="/mnt/c/Users/Mathieu/Web/memo-boilerplate/vendor/locomotivemtl/charcoal-cms/src/Charcoal/Cms/Config/CmsConfig.php">
        <class name="CmsConfig" namespace="Charcoal\Cms\Config">
          <metrics complexity="26" methods="23" coveredmethods="0" conditionals="0" coveredconditionals="0" statements="95" coveredstatements="0" elements="118" coveredelements="0"/>
        </class>
        <line num="82" type="method" name="addModel" visibility="public" complexity="1" crap="2" count="0"/>
        <line num="83" type="stmt" count="0"/>
        <line num="84" type="stmt" count="0"/>
        <line num="85" type="stmt" count="0"/>
        <line num="95" type="method" name="setDefaultFromEmail" visibility="public" complexity="1" crap="2" count="0"/>
        <line num="96" type="stmt" count="0"/>
        <line num="97" type="stmt" count="0"/>
        <line num="99" type="stmt" count="0"/>
        <line num="100" type="stmt" count="0"/>
        <line num="106" type="method" name="setHomeNews" visibility="public" complexity="1" crap="2" count="0"/>
        <line num="107" type="stmt" count="0"/>
        <line num="108" type="stmt" count="0"/>
        <line num="110" type="stmt" count="0"/>
        <line num="111" type="stmt" count="0"/>
        <line num="117" type="method" name="setHomeEvents" visibility="public" complexity="1" crap="2" count="0"/>
        <line num="118" type="stmt" count="0"/>
        <line num="119" type="stmt" count="0"/>
        <line num="121" type="stmt" count="0"/>
        <line num="122" type="stmt" count="0"/>
        <line num="128" type="method" name="setNews" visibility="public" complexity="2" crap="6" count="0"/>
        <line num="129" type="stmt" count="0"/>
        <line num="130" type="stmt" count="0"/>
        <line num="131" type="stmt" count="0"/>
        <line num="132" type="stmt" count="0"/>
        <line num="134" type="stmt" count="0"/>
        <line num="136" type="stmt" count="0"/>
        <line num="137" type="stmt" count="0"/>
        <line num="143" type="method" name="setEvent" visibility="public" complexity="2" crap="6" count="0"/>
        <line num="144" type="stmt" count="0"/>
        <line num="145" type="stmt" count="0"/>
        <line num="146" type="stmt" count="0"/>
        <line num="147" type="stmt" count="0"/>
        <line num="149" type="stmt" count="0"/>
        <line num="151" type="stmt" count="0"/>
        <line num="152" type="stmt" count="0"/>
        <line num="158" type="method" name="setSection" visibility="public" complexity="2" crap="6" count="0"/>
        <line num="159" type="stmt" count="0"/>
        <line num="160" type="stmt" count="0"/>
        <line num="161" type="stmt" count="0"/>
        <line num="162" type="stmt" count="0"/>
        <line num="164" type="stmt" count="0"/>
        <line num="166" type="stmt" count="0"/>
        <line num="167" type="stmt" count="0"/>
        <line num="173" type="method" name="setContactCategoryObj" visibility="public" complexity="1" crap="2" count="0"/>
        <line num="174" type="stmt" count="0"/>
        <line num="175" type="stmt" count="0"/>
        <line num="177" type="stmt" count="0"/>
        <line num="178" type="stmt" count="0"/>
        <line num="184" type="method" name="setContactObj" visibility="public" complexity="1" crap="2" count="0"/>
        <line num="185" type="stmt" count="0"/>
        <line num="186" type="stmt" count="0"/>
        <line num="188" type="stmt" count="0"/>
        <line num="189" type="stmt" count="0"/>
        <line num="195" type="method" name="setDefaultContactCategory" visibility="public" complexity="1" crap="2" count="0"/>
        <line num="196" type="stmt" count="0"/>
        <line num="197" type="stmt" count="0"/>
        <line num="199" type="stmt" count="0"/>
        <line num="200" type="stmt" count="0"/>
        <line num="206" type="method" name="setDateFormats" visibility="public" complexity="1" crap="2" count="0"/>
        <line num="207" type="stmt" count="0"/>
        <line num="208" type="stmt" count="0"/>
        <line num="209" type="stmt" count="0"/>
        <line num="210" type="stmt" count="0"/>
        <line num="211" type="stmt" count="0"/>
        <line num="213" type="stmt" count="0"/>
        <line num="214" type="stmt" count="0"/>
        <line num="220" type="method" name="setTimeFormats" visibility="public" complexity="1" crap="2" count="0"/>
        <line num="221" type="stmt" count="0"/>
        <line num="222" type="stmt" count="0"/>
        <line num="223" type="stmt" count="0"/>
        <line num="224" type="stmt" count="0"/>
        <line num="225" type="stmt" count="0"/>
        <line num="227" type="stmt" count="0"/>
        <line num="228" type="stmt" count="0"/>
        <line num="237" type="method" name="defaultFromEmail" visibility="public" complexity="1" crap="2" count="0"/>
        <line num="238" type="stmt" count="0"/>
        <line num="239" type="stmt" count="0"/>
        <line num="240" type="stmt" count="0"/>
        <line num="245" type="method" name="homeNews" visibility="public" complexity="1" crap="2" count="0"/>
        <line num="246" type="stmt" count="0"/>
        <line num="247" type="stmt" count="0"/>
        <line num="248" type="stmt" count="0"/>
        <line num="253" type="method" name="homeEvents" visibility="public" complexity="1" crap="2" count="0"/>
        <line num="254" type="stmt" count="0"/>
        <line num="255" type="stmt" count="0"/>
        <line num="256" type="stmt" count="0"/>
        <line num="261" type="method" name="newsConfig" visibility="public" complexity="1" crap="2" count="0"/>
        <line num="262" type="stmt" count="0"/>
        <line num="263" type="stmt" count="0"/>
        <line num="264" type="stmt" count="0"/>
        <line num="269" type="method" name="eventConfig" visibility="public" complexity="1" crap="2" count="0"/>
        <line num="270" type="stmt" count="0"/>
        <line num="271" type="stmt" count="0"/>
        <line num="272" type="stmt" count="0"/>
        <line num="277" type="method" name="sectionConfig" visibility="public" complexity="1" crap="2" count="0"/>
        <line num="278" type="stmt" count="0"/>
        <line num="279" type="stmt" count="0"/>
        <line num="280" type="stmt" count="0"/>
        <line num="285" type="method" name="contactCategoryObj" visibility="public" complexity="1" crap="2" count="0"/>
        <line num="286" type="stmt" count="0"/>
        <line num="287" type="stmt" count="0"/>
        <line num="288" type="stmt" count="0"/>
        <line num="293" type="method" name="contactObj" visibility="public" complexity="1" crap="2" count="0"/>
        <line num="294" type="stmt" count="0"/>
        <line num="295" type="stmt" count="0"/>
        <line num="296" type="stmt" count="0"/>
        <line num="301" type="method" name="defaultContactCategory" visibility="public" complexity="1" crap="2" count="0"/>
        <line num="302" type="stmt" count="0"/>
        <line num="303" type="stmt" count="0"/>
        <line num="304" type="stmt" count="0"/>
        <line num="309" type="method" name="dateFormats" visibility="public" complexity="1" crap="2" count="0"/>
        <line num="310" type="stmt" count="0"/>
        <line num="311" type="stmt" count="0"/>
        <line num="312" type="stmt" count="0"/>
        <line num="317" type="method" name="timeFormats" visibility="public" complexity="1" crap="2" count="0"/>
        <line num="318" type="stmt" count="0"/>
        <line num="319" type="stmt" count="0"/>
        <line num="320" type="stmt" count="0"/>
        <metrics loc="321" ncloc="182" classes="1" methods="23" coveredmethods="0" conditionals="0" coveredconditionals="0" statements="95" coveredstatements="0" elements="118" coveredelements="0"/>
      </file>
      <file name="/mnt/c/Users/Mathieu/Web/memo-boilerplate/vendor/locomotivemtl/charcoal-cms/src/Charcoal/Cms/Config/EventConfig.php">
        <class name="EventConfig" namespace="Charcoal\Cms\Config">
          <metrics complexity="16" methods="16" coveredmethods="0" conditionals="0" coveredconditionals="0" statements="56" coveredstatements="0" elements="72" coveredelements="0"/>
        </class>
        <line num="56" type="method" name="numPerPage" visibility="public" complexity="1" crap="2" count="0"/>
        <line num="57" type="stmt" count="0"/>
        <line num="58" type="stmt" count="0"/>
        <line num="59" type="stmt" count="0"/>
        <line num="64" type="method" name="entryCycle" visibility="public" complexity="1" crap="2" count="0"/>
        <line num="65" type="stmt" count="0"/>
        <line num="66" type="stmt" count="0"/>
        <line num="67" type="stmt" count="0"/>
        <line num="73" type="method" name="lifespan" visibility="public" complexity="1" crap="2" count="0"/>
        <line num="74" type="stmt" count="0"/>
        <line num="75" type="stmt" count="0"/>
        <line num="76" type="stmt" count="0"/>
        <line num="81" type="method" name="objType" visibility="public" complexity="1" crap="2" count="0"/>
        <line num="82" type="stmt" count="0"/>
        <line num="83" type="stmt" count="0"/>
        <line num="84" type="stmt" count="0"/>
        <line num="89" type="method" name="category" visibility="public" complexity="1" crap="2" count="0"/>
        <line num="90" type="stmt" count="0"/>
        <line num="91" type="stmt" count="0"/>
        <line num="92" type="stmt" count="0"/>
        <line num="97" type="method" name="configFeatIdent" visibility="public" complexity="1" crap="2" count="0"/>
        <line num="98" type="stmt" count="0"/>
        <line num="99" type="stmt" count="0"/>
        <line num="100" type="stmt" count="0"/>
        <line num="105" type="method" name="thumbnail" visibility="public" complexity="1" crap="2" count="0"/>
        <line num="106" type="stmt" count="0"/>
        <line num="107" type="stmt" count="0"/>
        <line num="108" type="stmt" count="0"/>
        <line num="113" type="method" name="parentSectionSlug" visibility="public" complexity="1" crap="2" count="0"/>
        <line num="114" type="stmt" count="0"/>
        <line num="115" type="stmt" count="0"/>
        <line num="116" type="stmt" count="0"/>
        <line num="122" type="method" name="setNumPerPage" visibility="public" complexity="1" crap="2" count="0"/>
        <line num="123" type="stmt" count="0"/>
        <line num="124" type="stmt" count="0"/>
        <line num="126" type="stmt" count="0"/>
        <line num="127" type="stmt" count="0"/>
        <line num="133" type="method" name="setEntryCycle" visibility="public" complexity="1" crap="2" count="0"/>
        <line num="134" type="stmt" count="0"/>
        <line num="135" type="stmt" count="0"/>
        <line num="137" type="stmt" count="0"/>
        <line num="138" type="stmt" count="0"/>
        <line num="145" type="method" name="setLifespan" visibility="public" complexity="1" crap="2" count="0"/>
        <line num="146" type="stmt" count="0"/>
        <line num="147" type="stmt" count="0"/>
        <line num="149" type="stmt" count="0"/>
        <line num="150" type="stmt" count="0"/>
        <line num="156" type="method" name="setObjType" visibility="public" complexity="1" crap="2" count="0"/>
        <line num="157" type="stmt" count="0"/>
        <line num="158" type="stmt" count="0"/>
        <line num="160" type="stmt" count="0"/>
        <line num="161" type="stmt" count="0"/>
        <line num="167" type="method" name="setCategory" visibility="public" complexity="1" crap="2" count="0"/>
        <line num="168" type="stmt" count="0"/>
        <line num="169" type="stmt" count="0"/>
        <line num="171" type="stmt" count="0"/>
        <line num="172" type="stmt" count="0"/>
        <line num="179" type="method" name="setConfigFeatIdent" visibility="public" complexity="1" crap="2" count="0"/>
        <line num="180" type="stmt" count="0"/>
        <line num="181" type="stmt" count="0"/>
        <line num="183" type="stmt" count="0"/>
        <line num="184" type="stmt" count="0"/>
        <line num="191" type="method" name="setThumbnail" visibility="public" complexity="1" crap="2" count="0"/>
        <line num="192" type="stmt" count="0"/>
        <line num="193" type="stmt" count="0"/>
        <line num="195" type="stmt" count="0"/>
        <line num="196" type="stmt" count="0"/>
        <line num="202" type="method" name="setParentSectionSlug" visibility="public" complexity="1" crap="2" count="0"/>
        <line num="203" type="stmt" count="0"/>
        <line num="204" type="stmt" count="0"/>
        <line num="206" type="stmt" count="0"/>
        <line num="207" type="stmt" count="0"/>
        <metrics loc="208" ncloc="118" classes="1" methods="16" coveredmethods="0" conditionals="0" coveredconditionals="0" statements="56" coveredstatements="0" elements="72" coveredelements="0"/>
      </file>
      <file name="/mnt/c/Users/Mathieu/Web/memo-boilerplate/vendor/locomotivemtl/charcoal-cms/src/Charcoal/Cms/Config/NewsConfig.php">
        <class name="NewsConfig" namespace="Charcoal\Cms\Config">
          <metrics complexity="18" methods="18" coveredmethods="0" conditionals="0" coveredconditionals="0" statements="63" coveredstatements="0" elements="81" coveredelements="0"/>
        </class>
        <line num="61" type="method" name="numPerPage" visibility="public" complexity="1" crap="2" count="0"/>
        <line num="62" type="stmt" count="0"/>
        <line num="63" type="stmt" count="0"/>
        <line num="64" type="stmt" count="0"/>
        <line num="69" type="method" name="entryCycle" visibility="public" complexity="1" crap="2" count="0"/>
        <line num="70" type="stmt" count="0"/>
        <line num="71" type="stmt" count="0"/>
        <line num="72" type="stmt" count="0"/>
        <line num="78" type="method" name="defaultExpiry" visibility="public" complexity="1" crap="2" count="0"/>
        <line num="79" type="stmt" count="0"/>
        <line num="80" type="stmt" count="0"/>
        <line num="81" type="stmt" count="0"/>
        <line num="87" type="method" name="median" visibility="public" complexity="1" crap="2" count="0"/>
        <line num="88" type="stmt" count="0"/>
        <line num="89" type="stmt" count="0"/>
        <line num="90" type="stmt" count="0"/>
        <line num="95" type="method" name="objType" visibility="public" complexity="1" crap="2" count="0"/>
        <line num="96" type="stmt" count="0"/>
        <line num="97" type="stmt" count="0"/>
        <line num="98" type="stmt" count="0"/>
        <line num="103" type="method" name="category" visibility="public" complexity="1" crap="2" count="0"/>
        <line num="104" type="stmt" count="0"/>
        <line num="105" type="stmt" count="0"/>
        <line num="106" type="stmt" count="0"/>
        <line num="111" type="method" name="configFeatIdent" visibility="public" complexity="1" crap="2" count="0"/>
        <line num="112" type="stmt" count="0"/>
        <line num="113" type="stmt" count="0"/>
        <line num="114" type="stmt" count="0"/>
        <line num="119" type="method" name="thumbnail" visibility="public" complexity="1" crap="2" count="0"/>
        <line num="120" type="stmt" count="0"/>
        <line num="121" type="stmt" count="0"/>
        <line num="122" type="stmt" count="0"/>
        <line num="127" type="method" name="parentSectionSlug" visibility="public" complexity="1" crap="2" count="0"/>
        <line num="128" type="stmt" count="0"/>
        <line num="129" type="stmt" count="0"/>
        <line num="130" type="stmt" count="0"/>
        <line num="136" type="method" name="setNumPerPage" visibility="public" complexity="1" crap="2" count="0"/>
        <line num="137" type="stmt" count="0"/>
        <line num="138" type="stmt" count="0"/>
        <line num="140" type="stmt" count="0"/>
        <line num="141" type="stmt" count="0"/>
        <line num="147" type="method" name="setEntryCycle" visibility="public" complexity="1" crap="2" count="0"/>
        <line num="148" type="stmt" count="0"/>
        <line num="149" type="stmt" count="0"/>
        <line num="151" type="stmt" count="0"/>
        <line num="152" type="stmt" count="0"/>
        <line num="159" type="method" name="setDefaultExpiry" visibility="public" complexity="1" crap="2" count="0"/>
        <line num="160" type="stmt" count="0"/>
        <line num="161" type="stmt" count="0"/>
        <line num="163" type="stmt" count="0"/>
        <line num="164" type="stmt" count="0"/>
        <line num="171" type="method" name="setMedian" visibility="public" complexity="1" crap="2" count="0"/>
        <line num="172" type="stmt" count="0"/>
        <line num="173" type="stmt" count="0"/>
        <line num="175" type="stmt" count="0"/>
        <line num="176" type="stmt" count="0"/>
        <line num="182" type="method" name="setObjType" visibility="public" complexity="1" crap="2" count="0"/>
        <line num="183" type="stmt" count="0"/>
        <line num="184" type="stmt" count="0"/>
        <line num="186" type="stmt" count="0"/>
        <line num="187" type="stmt" count="0"/>
        <line num="193" type="method" name="setCategory" visibility="public" complexity="1" crap="2" count="0"/>
        <line num="194" type="stmt" count="0"/>
        <line num="195" type="stmt" count="0"/>
        <line num="197" type="stmt" count="0"/>
        <line num="198" type="stmt" count="0"/>
[...]
        <line num="88" type="stmt" count="0"/>
        <line num="89" type="stmt" count="0"/>
        <line num="90" type="stmt" count="0"/>
        <line num="91" type="stmt" count="0"/>
        <line num="92" type="stmt" count="0"/>
        <line num="93" type="stmt" count="0"/>
        <line num="99" type="method" name="nextNews" visibility="public" complexity="2" crap="6" count="0"/>
        <line num="100" type="stmt" count="0"/>
        <line num="101" type="stmt" count="0"/>
        <line num="103" type="stmt" count="0"/>
        <line num="104" type="stmt" count="0"/>
        <line num="105" type="stmt" count="0"/>
        <line num="107" type="stmt" count="0"/>
        <line num="108" type="stmt" count="0"/>
        <line num="114" type="method" name="prevNews" visibility="public" complexity="2" crap="6" count="0"/>
        <line num="115" type="stmt" count="0"/>
        <line num="116" type="stmt" count="0"/>
        <line num="118" type="stmt" count="0"/>
        <line num="119" type="stmt" count="0"/>
        <line num="120" type="stmt" count="0"/>
        <line num="122" type="stmt" count="0"/>
        <line num="123" type="stmt" count="0"/>
        <line num="129" type="method" name="numNews" visibility="public" complexity="1" crap="2" count="0"/>
        <line num="130" type="stmt" count="0"/>
        <line num="131" type="stmt" count="0"/>
        <line num="132" type="stmt" count="0"/>
        <line num="137" type="method" name="numNewsPages" visibility="public" complexity="1" crap="2" count="0"/>
        <line num="138" type="stmt" count="0"/>
        <line num="139" type="stmt" count="0"/>
        <line num="140" type="stmt" count="0"/>
        <line num="145" type="method" name="newsHasPager" visibility="public" complexity="1" crap="2" count="0"/>
        <line num="146" type="stmt" count="0"/>
        <line num="147" type="stmt" count="0"/>
        <line num="148" type="stmt" count="0"/>
        <line num="153" type="method" name="newsCategoryList" visibility="public" complexity="2" crap="6" count="0"/>
        <line num="154" type="stmt" count="0"/>
        <line num="155" type="stmt" count="0"/>
        <line num="156" type="stmt" count="0"/>
        <line num="157" type="stmt" count="0"/>
        <line num="158" type="stmt" count="0"/>
        <line num="159" type="stmt" count="0"/>
        <line num="165" type="method" name="newsCategory" visibility="public" complexity="1" crap="2" count="0"/>
        <line num="166" type="stmt" count="0"/>
        <line num="167" type="stmt" count="0"/>
        <line num="169" type="stmt" count="0"/>
        <line num="170" type="stmt" count="0"/>
        <line num="180" type="method" name="getNewsDateFormat" visibility="protected" complexity="1" crap="2" count="0"/>
        <line num="181" type="stmt" count="0"/>
        <line num="182" type="stmt" count="0"/>
        <line num="183" type="stmt" count="0"/>
        <line num="184" type="stmt" count="0"/>
        <line num="185" type="stmt" count="0"/>
        <line num="192" type="method" name="newsFormatShort" visibility="protected" complexity="2" crap="6" count="0"/>
        <line num="193" type="stmt" count="0"/>
        <line num="194" type="stmt" count="0"/>
        <line num="195" type="stmt" count="0"/>
        <line num="196" type="stmt" count="0"/>
        <line num="197" type="stmt" count="0"/>
        <line num="198" type="stmt" count="0"/>
        <line num="199" type="stmt" count="0"/>
        <line num="200" type="stmt" count="0"/>
        <line num="201" type="stmt" count="0"/>
        <line num="202" type="stmt" count="0"/>
        <line num="203" type="stmt" count="0"/>
        <line num="210" type="method" name="newsFormatNav" visibility="protected" complexity="1" crap="2" count="0"/>
        <line num="211" type="stmt" count="0"/>
        <line num="212" type="stmt" count="0"/>
        <line num="213" type="stmt" count="0"/>
        <line num="214" type="stmt" count="0"/>
        <line num="215" type="stmt" count="0"/>
        <line num="216" type="stmt" count="0"/>
        <line num="217" type="stmt" count="0"/>
        <line num="218" type="stmt" count="0"/>
        <line num="219" type="stmt" count="0"/>
        <line num="220" type="stmt" count="0"/>
        <line num="226" type="method" name="newsFormatFull" visibility="protected" complexity="1" crap="2" count="0"/>
        <line num="227" type="stmt" count="0"/>
        <line num="228" type="stmt" count="0"/>
        <line num="229" type="stmt" count="0"/>
        <line num="230" type="stmt" count="0"/>
        <line num="232" type="stmt" count="0"/>
        <line num="233" type="stmt" count="0"/>
        <line num="234" type="stmt" count="0"/>
        <line num="235" type="stmt" count="0"/>
        <line num="236" type="stmt" count="0"/>
        <line num="237" type="stmt" count="0"/>
        <line num="238" type="stmt" count="0"/>
        <line num="239" type="stmt" count="0"/>
        <line num="240" type="stmt" count="0"/>
        <line num="241" type="stmt" count="0"/>
        <line num="242" type="stmt" count="0"/>
        <line num="243" type="stmt" count="0"/>
        <line num="244" type="stmt" count="0"/>
        <line num="245" type="stmt" count="0"/>
        <line num="246" type="stmt" count="0"/>
        <line num="247" type="stmt" count="0"/>
        <line num="248" type="stmt" count="0"/>
        <line num="249" type="stmt" count="0"/>
        <line num="250" type="stmt" count="0"/>
        <line num="251" type="stmt" count="0"/>
        <line num="257" type="method" name="newsFormatCategory" visibility="protected" complexity="1" crap="2" count="0"/>
        <line num="258" type="stmt" count="0"/>
        <line num="259" type="stmt" count="0"/>
        <line num="260" type="stmt" count="0"/>
        <line num="261" type="stmt" count="0"/>
        <line num="262" type="stmt" count="0"/>
        <line num="263" type="stmt" count="0"/>
        <line num="273" type="method" name="newsManager" visibility="protected" complexity="2" crap="6" count="0"/>
        <line num="274" type="stmt" count="0"/>
        <line num="275" type="stmt" count="0"/>
        <line num="276" type="stmt" count="0"/>
        <line num="277" type="stmt" count="0"/>
        <line num="278" type="stmt" count="0"/>
        <line num="279" type="stmt" count="0"/>
        <line num="280" type="stmt" count="0"/>
        <line num="281" type="stmt" count="0"/>
        <line num="283" type="stmt" count="0"/>
        <line num="284" type="stmt" count="0"/>
        <line num="290" type="method" name="setNewsManager" visibility="protected" complexity="1" crap="2" count="0"/>
        <line num="291" type="stmt" count="0"/>
        <line num="292" type="stmt" count="0"/>
        <line num="294" type="stmt" count="0"/>
        <line num="295" type="stmt" count="0"/>
        <metrics loc="302" ncloc="191" classes="1" methods="18" coveredmethods="0" conditionals="0" coveredconditionals="0" statements="135" coveredstatements="0" elements="153" coveredelements="0"/>
      </file>
      <file name="/mnt/c/Users/Mathieu/Web/memo-boilerplate/vendor/locomotivemtl/charcoal-cms/src/Charcoal/Cms/Support/Traits/SectionLoaderAwareTrait.php">
        <class name="SectionLoaderAwareTrait" namespace="Charcoal\Cms\Support\Traits">
          <metrics complexity="15" methods="12" coveredmethods="0" conditionals="0" coveredconditionals="0" statements="56" coveredstatements="0" elements="68" coveredelements="0"/>
        </class>
        <line num="51" type="method" name="sections" visibility="public" complexity="1" crap="2" count="0"/>
        <line num="52" type="stmt" count="0"/>
        <line num="53" type="stmt" count="0"/>
        <line num="54" type="stmt" count="0"/>
        <line num="59" type="method" name="masterSections" visibility="public" complexity="1" crap="2" count="0"/>
        <line num="60" type="stmt" count="0"/>
        <line num="61" type="stmt" count="0"/>
        <line num="62" type="stmt" count="0"/>
        <line num="67" type="method" name="childrenSections" visibility="public" complexity="1" crap="2" count="0"/>
        <line num="68" type="stmt" count="0"/>
        <line num="69" type="stmt" count="0"/>
        <line num="70" type="stmt" count="0"/>
        <line num="76" type="method" name="routes" visibility="public" complexity="1" crap="2" count="0"/>
        <line num="77" type="stmt" count="0"/>
        <line num="78" type="method" name="anonymousFunction:78#215" complexity="1" crap="2" count="0"/>
        <line num="79" type="stmt" count="0"/>
        <line num="80" type="stmt" count="0"/>
        <line num="81" type="stmt" count="0"/>
        <line num="88" type="method" name="currentSection" visibility="public" complexity="2" crap="6" count="0"/>
        <line num="89" type="stmt" count="0"/>
        <line num="90" type="stmt" count="0"/>
        <line num="91" type="stmt" count="0"/>
        <line num="92" type="stmt" count="0"/>
        <line num="94" type="stmt" count="0"/>
        <line num="95" type="stmt" count="0"/>
        <line num="101" type="method" name="sectionFromSlug" visibility="public" complexity="1" crap="2" count="0"/>
        <line num="102" type="stmt" count="0"/>
        <line num="103" type="stmt" count="0"/>
        <line num="104" type="stmt" count="0"/>
        <line num="113" type="method" name="section" visibility="protected" complexity="1" crap="2" count="0"/>
        <line num="114" type="stmt" count="0"/>
        <line num="115" type="stmt" count="0"/>
        <line num="116" type="stmt" count="0"/>
        <line num="126" type="method" name="setSection" visibility="protected" complexity="1" crap="2" count="0"/>
        <line num="127" type="stmt" count="0"/>
        <line num="128" type="stmt" count="0"/>
        <line num="130" type="stmt" count="0"/>
        <line num="131" type="stmt" count="0"/>
        <line num="141" type="method" name="sectionLoader" visibility="protected" complexity="2" crap="6" count="0"/>
        <line num="142" type="stmt" count="0"/>
        <line num="143" type="stmt" count="0"/>
        <line num="144" type="stmt" count="0"/>
        <line num="145" type="stmt" count="0"/>
        <line num="146" type="stmt" count="0"/>
        <line num="147" type="stmt" count="0"/>
        <line num="148" type="stmt" count="0"/>
        <line num="149" type="stmt" count="0"/>
        <line num="151" type="stmt" count="0"/>
        <line num="152" type="stmt" count="0"/>
        <line num="158" type="method" name="setSectionLoader" visibility="protected" complexity="1" crap="2" count="0"/>
        <line num="159" type="stmt" count="0"/>
        <line num="160" type="stmt" count="0"/>
        <line num="162" type="stmt" count="0"/>
        <line num="163" type="stmt" count="0"/>
        <line num="173" type="method" name="formatSection" visibility="protected" complexity="1" crap="2" count="0"/>
        <line num="174" type="stmt" count="0"/>
        <line num="175" type="stmt" count="0"/>
        <line num="176" type="stmt" count="0"/>
        <line num="177" type="stmt" count="0"/>
        <line num="179" type="stmt" count="0"/>
        <line num="180" type="stmt" count="0"/>
        <line num="181" type="stmt" count="0"/>
        <line num="182" type="stmt" count="0"/>
        <line num="183" type="stmt" count="0"/>
        <line num="184" type="stmt" count="0"/>
        <line num="185" type="stmt" count="0"/>
        <line num="186" type="stmt" count="0"/>
        <line num="187" type="stmt" count="0"/>
        <line num="188" type="stmt" count="0"/>
        <metrics loc="189" ncloc="98" classes="1" methods="12" coveredmethods="0" conditionals="0" coveredconditionals="0" statements="57" coveredstatements="0" elements="69" coveredelements="0"/>
      </file>
      <file name="/mnt/c/Users/Mathieu/Web/memo-boilerplate/vendor/locomotivemtl/charcoal-cms/src/Charcoal/Cms/Support/Traits/SocialNetworksAwareTrait.php">
        <class name="SocialNetworksAwareTrait" namespace="Charcoal\Cms\Support\Traits">
          <metrics complexity="6" methods="2" coveredmethods="0" conditionals="0" coveredconditionals="0" statements="20" coveredstatements="0" elements="22" coveredelements="0"/>
        </class>
        <line num="22" type="method" name="hasSocialNetworks" visibility="public" complexity="1" crap="2" count="0"/>
        <line num="23" type="stmt" count="0"/>
        <line num="24" type="stmt" count="0"/>
        <line num="25" type="stmt" count="0"/>
        <line num="33" type="method" name="socialNetworks" visibility="public" complexity="3" crap="12" count="0"/>
        <line num="34" type="stmt" count="0"/>
        <line num="35" type="stmt" count="0"/>
        <line num="36" type="stmt" count="0"/>
        <line num="37" type="stmt" count="0"/>
        <line num="39" type="stmt" count="0"/>
        <line num="40" type="stmt" count="0"/>
        <line num="42" type="stmt" count="0"/>
        <line num="43" type="stmt" count="0"/>
        <line num="44" type="stmt" count="0"/>
        <line num="45" type="stmt" count="0"/>
        <line num="46" type="stmt" count="0"/>
        <line num="47" type="stmt" count="0"/>
        <line num="48" type="stmt" count="0"/>
        <line num="49" type="stmt" count="0"/>
        <line num="51" type="stmt" count="0"/>
        <line num="53" type="stmt" count="0"/>
        <line num="54" type="stmt" count="0"/>
        <metrics loc="65" ncloc="43" classes="1" methods="2" coveredmethods="0" conditionals="0" coveredconditionals="0" statements="20" coveredstatements="0" elements="22" coveredelements="0"/>
      </file>
    </package>
    <file name="/mnt/c/Users/Mathieu/Web/memo-boilerplate/vendor/locomotivemtl/charcoal-cms/src/Charcoal/Cms/TemplateableInterface.php">
      <metrics loc="54" ncloc="18" classes="0" methods="0" coveredmethods="0" conditionals="0" coveredconditionals="0" statements="0" coveredstatements="0" elements="0" coveredelements="0"/>
    </file>
    <package name="Charcoal\Property">
      <file name="/mnt/c/Users/Mathieu/Web/memo-boilerplate/vendor/locomotivemtl/charcoal-cms/src/Charcoal/Property/TemplateOptionsProperty.php">
        <class name="TemplateOptionsProperty" namespace="Charcoal\Property">
          <metrics complexity="4" methods="2" coveredmethods="2" conditionals="0" coveredconditionals="0" statements="7" coveredstatements="7" elements="9" coveredelements="9"/>
        </class>
        <line num="21" type="method" name="type" visibility="public" complexity="1" crap="1" count="1"/>
        <line num="23" type="stmt" count="1"/>
        <line num="34" type="method" name="addStructureInterface" visibility="public" complexity="3" crap="3" count="4"/>
        <line num="36" type="stmt" count="4"/>
        <line num="37" type="stmt" count="2"/>
        <line num="38" type="stmt" count="2"/>
        <line num="39" type="stmt" count="1"/>
        <line num="40" type="stmt" count="1"/>
        <line num="45" type="stmt" count="3"/>
        <metrics loc="47" ncloc="29" classes="1" methods="2" coveredmethods="2" conditionals="0" coveredconditionals="0" statements="7" coveredstatements="7" elements="9" coveredelements="9"/>
      </file>
      <file name="/mnt/c/Users/Mathieu/Web/memo-boilerplate/vendor/locomotivemtl/charcoal-cms/src/Charcoal/Property/TemplateProperty.php">
        <class name="TemplateProperty" namespace="Charcoal\Property">
          <metrics complexity="29" methods="10" coveredmethods="10" conditionals="0" coveredconditionals="0" statements="58" coveredstatements="58" elements="68" coveredelements="68"/>
        </class>
        <line num="38" type="method" name="type" visibility="public" complexity="1" crap="1" count="1"/>
        <line num="40" type="stmt" count="1"/>
        <line num="49" type="method" name="setChoices" visibility="public" complexity="1" crap="1" count="1"/>
        <line num="51" type="stmt" count="1"/>
        <line num="53" type="stmt" count="1"/>
        <line num="54" type="stmt" count="1"/>
        <line num="57" type="stmt" count="1"/>
        <line num="66" type="method" name="addChoices" visibility="public" complexity="1" crap="1" count="1"/>
        <line num="68" type="stmt" count="1"/>
        <line num="70" type="stmt" count="1"/>
        <line num="71" type="stmt" count="1"/>
        <line num="74" type="stmt" count="1"/>
        <line num="84" type="method" name="addChoice" visibility="public" complexity="1" crap="1" count="1"/>
        <line num="86" type="stmt" count="1"/>
        <line num="88" type="stmt" count="1"/>
        <line num="89" type="stmt" count="1"/>
        <line num="92" type="stmt" count="1"/>
        <line num="102" type="method" name="displayVal" visibility="public" complexity="15" crap="15" count="1"/>
        <line num="104" type="stmt" count="1"/>
        <line num="105" type="stmt" count="1"/>
        <line num="109" type="stmt" count="1"/>
        <line num="110" type="stmt" count="1"/>
        <line num="111" type="stmt" count="1"/>
        <line num="112" type="stmt" count="1"/>
        <line num="114" type="stmt" count="1"/>
        <line num="115" type="stmt" count="1"/>
        <line num="117" type="stmt" count="1"/>
        <line num="120" type="stmt" count="1"/>
        <line num="123" type="stmt" count="1"/>
        <line num="124" type="stmt" count="1"/>
        <line num="125" type="stmt" count="1"/>
        <line num="129" type="stmt" count="1"/>
        <line num="130" type="stmt" count="1"/>
        <line num="133" type="stmt" count="1"/>
        <line num="134" type="stmt" count="1"/>
        <line num="135" type="stmt" count="1"/>
        <line num="136" type="stmt" count="1"/>
        <line num="137" type="stmt" count="1"/>
        <line num="138" type="stmt" count="1"/>
        <line num="142" type="stmt" count="1"/>
        <line num="143" type="stmt" count="1"/>
        <line num="144" type="stmt" count="1"/>
        <line num="145" type="stmt" count="1"/>
        <line num="146" type="stmt" count="1"/>
        <line num="150" type="stmt" count="1"/>
        <line num="158" type="method" name="__toString" visibility="public" complexity="4" crap="4" count="3"/>
        <line num="160" type="stmt" count="3"/>
        <line num="161" type="stmt" count="3"/>
        <line num="162" type="stmt" count="2"/>
        <line num="163" type="stmt" count="2"/>
        <line num="164" type="stmt" count="2"/>
        <line num="165" type="stmt" count="2"/>
        <line num="166" type="stmt" count="2"/>
        <line num="171" type="stmt" count="2"/>
        <line num="177" type="method" name="sqlExtra" visibility="public" complexity="1" crap="1" count="15"/>
        <line num="179" type="stmt" count="15"/>
        <line num="187" type="method" name="sqlType" visibility="public" complexity="2" crap="2" count="15"/>
        <line num="189" type="stmt" count="15"/>
        <line num="190" type="stmt" count="1"/>
        <line num="193" type="stmt" count="15"/>
        <line num="199" type="method" name="sqlPdoType" visibility="public" complexity="1" crap="1" count="15"/>
        <line num="201" type="stmt" count="15"/>
        <line num="210" type="method" name="setDependencies" visibility="protected" complexity="2" crap="2" count="23"/>
        <line num="212" type="stmt" count="23"/>
        <line num="214" type="stmt" count="23"/>
        <line num="215" type="stmt" count="23"/>
        <line num="216" type="stmt" count="23"/>
        <line num="218" type="stmt" count="23"/>
        <metrics loc="219" ncloc="152" classes="1" methods="10" coveredmethods="10" conditionals="0" coveredconditionals="0" statements="58" coveredstatements="58" elements="68" coveredelements="68"/>
      </file>
    </package>
    <metrics files="60" loc="10277" ncloc="6180" classes="46" methods="504" coveredmethods="118" conditionals="0" coveredconditionals="0" statements="2955" coveredstatements="404" elements="3459" coveredelements="522"/>
  </project>
</coverage>
